[21-Nov-2025 19:00:07 UTC] Automatic updates starting...
[21-Nov-2025 19:00:08 UTC]   Automatic plugin updates starting...
[21-Nov-2025 19:00:08 UTC]   Automatic plugin updates complete.
[21-Nov-2025 19:00:08 UTC] Automatic updates complete.
[21-Nov-2025 21:15:19 UTC] WordPress database error Unknown column 'user_id_1' in 'field list' for query SELECT CASE 
            WHEN user_id_1 = 1 THEN user_id_2 
            ELSE user_id_1 
         END AS friend_id
         FROM wp_anima_connections
         WHERE (user_id_1 = 1 OR user_id_2 = 1) AND status = 'accepted' made by require('wp-blog-header.php'), require_once('wp-includes/template-loader.php'), include('/themes/animaavatar/page-perfil.php'), do_shortcode, preg_replace_callback, do_shortcode_tag, anima_sn_my_connections_shortcode
[21-Nov-2025 22:35:12 UTC] WordPress database error Unknown column 'user_id_1' in 'field list' for query SELECT CASE 
            WHEN user_id_1 = 2 THEN user_id_2 
            ELSE user_id_1 
         END AS friend_id
         FROM wp_anima_connections
         WHERE (user_id_1 = 2 OR user_id_2 = 2) AND status = 'accepted' made by require('wp-blog-header.php'), require_once('wp-includes/template-loader.php'), include('/themes/animaavatar/page-perfil.php'), do_shortcode, preg_replace_callback, do_shortcode_tag, anima_sn_my_connections_shortcode
[21-Nov-2025 22:36:14 UTC] WordPress database error Unknown column 'user_id_1' in 'field list' for query SELECT CASE 
            WHEN user_id_1 = 2 THEN user_id_2 
            ELSE user_id_1 
         END AS friend_id
         FROM wp_anima_connections
         WHERE (user_id_1 = 2 OR user_id_2 = 2) AND status = 'accepted' made by require('wp-blog-header.php'), require_once('wp-includes/template-loader.php'), include('/themes/animaavatar/page-perfil.php'), do_shortcode, preg_replace_callback, do_shortcode_tag, anima_sn_my_connections_shortcode
[21-Nov-2025 22:40:16 UTC] WordPress database error Unknown column 'user_id_1' in 'field list' for query SELECT CASE 
            WHEN user_id_1 = 2 THEN user_id_2 
            ELSE user_id_1 
         END AS friend_id
         FROM wp_anima_connections
         WHERE (user_id_1 = 2 OR user_id_2 = 2) AND status = 'accepted' made by require('wp-blog-header.php'), require_once('wp-includes/template-loader.php'), include('/themes/animaavatar/page-perfil.php'), do_shortcode, preg_replace_callback, do_shortcode_tag, anima_sn_my_connections_shortcode
[21-Nov-2025 22:40:22 UTC] WordPress database error Unknown column 'user_id_1' in 'field list' for query SELECT CASE 
            WHEN user_id_1 = 2 THEN user_id_2 
            ELSE user_id_1 
         END AS friend_id
         FROM wp_anima_connections
         WHERE (user_id_1 = 2 OR user_id_2 = 2) AND status = 'accepted' made by require('wp-blog-header.php'), require_once('wp-includes/template-loader.php'), include('/themes/animaavatar/page-perfil.php'), do_shortcode, preg_replace_callback, do_shortcode_tag, anima_sn_my_connections_shortcode
[21-Nov-2025 22:40:26 UTC] WordPress database error Unknown column 'user_id_1' in 'field list' for query SELECT CASE 
            WHEN user_id_1 = 2 THEN user_id_2 
            ELSE user_id_1 
         END AS friend_id
         FROM wp_anima_connections
         WHERE (user_id_1 = 2 OR user_id_2 = 2) AND status = 'accepted' made by require('wp-blog-header.php'), require_once('wp-includes/template-loader.php'), include('/themes/animaavatar/page-perfil.php'), do_shortcode, preg_replace_callback, do_shortcode_tag, anima_sn_my_connections_shortcode
[21-Nov-2025 22:41:40 UTC] WordPress database error Unknown column 'user_id_1' in 'field list' for query SELECT CASE 
            WHEN user_id_1 = 2 THEN user_id_2 
            ELSE user_id_1 
         END AS friend_id
         FROM wp_anima_connections
         WHERE (user_id_1 = 2 OR user_id_2 = 2) AND status = 'accepted' made by require('wp-blog-header.php'), require_once('wp-includes/template-loader.php'), include('/themes/animaavatar/page-perfil.php'), do_shortcode, preg_replace_callback, do_shortcode_tag, anima_sn_my_connections_shortcode
[21-Nov-2025 22:49:51 UTC] WordPress database error Unknown column 'user_id_1' in 'field list' for query SELECT CASE 
            WHEN user_id_1 = 2 THEN user_id_2 
            ELSE user_id_1 
         END AS friend_id
         FROM wp_anima_connections
         WHERE (user_id_1 = 2 OR user_id_2 = 2) AND status = 'accepted' made by require('wp-blog-header.php'), require_once('wp-includes/template-loader.php'), include('/themes/animaavatar/page-perfil.php'), do_shortcode, preg_replace_callback, do_shortcode_tag, anima_sn_my_connections_shortcode
[21-Nov-2025 22:53:45 UTC] WordPress database error Unknown column 'user_id_1' in 'field list' for query SELECT CASE 
            WHEN user_id_1 = 2 THEN user_id_2 
            ELSE user_id_1 
         END AS friend_id
         FROM wp_anima_connections
         WHERE (user_id_1 = 2 OR user_id_2 = 2) AND status = 'accepted' made by require('wp-blog-header.php'), require_once('wp-includes/template-loader.php'), include('/themes/animaavatar/page-perfil.php'), do_shortcode, preg_replace_callback, do_shortcode_tag, anima_sn_my_connections_shortcode
[21-Nov-2025 22:59:55 UTC] WordPress database error Unknown column 'user_id_1' in 'field list' for query SELECT CASE 
            WHEN user_id_1 = 2 THEN user_id_2 
            ELSE user_id_1 
         END AS friend_id
         FROM wp_anima_connections
         WHERE (user_id_1 = 2 OR user_id_2 = 2) AND status = 'accepted' made by require('wp-blog-header.php'), require_once('wp-includes/template-loader.php'), include('/themes/animaavatar/page-perfil.php'), do_shortcode, preg_replace_callback, do_shortcode_tag, anima_sn_my_connections_shortcode
[21-Nov-2025 23:05:45 UTC] WordPress database error Unknown column 'user_id_1' in 'field list' for query SELECT CASE 
            WHEN user_id_1 = 2 THEN user_id_2 
            ELSE user_id_1 
         END AS friend_id
         FROM wp_anima_connections
         WHERE (user_id_1 = 2 OR user_id_2 = 2) AND status = 'accepted' made by require('wp-blog-header.php'), require_once('wp-includes/template-loader.php'), include('/themes/animaavatar/page-perfil.php'), do_shortcode, preg_replace_callback, do_shortcode_tag, anima_sn_my_connections_shortcode
[21-Nov-2025 23:05:50 UTC] WordPress database error Unknown column 'user_id_1' in 'field list' for query SELECT CASE 
            WHEN user_id_1 = 2 THEN user_id_2 
            ELSE user_id_1 
         END AS friend_id
         FROM wp_anima_connections
         WHERE (user_id_1 = 2 OR user_id_2 = 2) AND status = 'accepted' made by require('wp-blog-header.php'), require_once('wp-includes/template-loader.php'), include('/themes/animaavatar/page-perfil.php'), do_shortcode, preg_replace_callback, do_shortcode_tag, anima_sn_my_connections_shortcode
[21-Nov-2025 23:06:16 UTC] WordPress database error Unknown column 'user_id_1' in 'field list' for query SELECT CASE 
            WHEN user_id_1 = 2 THEN user_id_2 
            ELSE user_id_1 
         END AS friend_id
         FROM wp_anima_connections
         WHERE (user_id_1 = 2 OR user_id_2 = 2) AND status = 'accepted' made by require('wp-blog-header.php'), require_once('wp-includes/template-loader.php'), include('/themes/animaavatar/page-perfil.php'), do_shortcode, preg_replace_callback, do_shortcode_tag, anima_sn_my_connections_shortcode
[22-Nov-2025 07:19:28 UTC] Automatic updates starting...
[22-Nov-2025 07:19:29 UTC]   Automatic plugin updates starting...
[22-Nov-2025 07:19:29 UTC]   Automatic plugin updates complete.
[22-Nov-2025 07:19:30 UTC] Automatic updates complete.
[22-Nov-2025 18:59:20 UTC] Automatic updates starting...
[22-Nov-2025 18:59:20 UTC]   Automatic plugin updates starting...
[22-Nov-2025 18:59:20 UTC]   Automatic plugin updates complete.
[22-Nov-2025 18:59:20 UTC] Automatic updates complete.
[22-Nov-2025 23:01:20 UTC] [ANIMA DAILY] ¡Premio! Fechas distintas. Créditos antes: 10. Créditos ahora: 20.
[22-Nov-2025 23:07:13 UTC] [ANIMA REWARD] Usuario nuevo ID 38 registrado. Se le han asignado 50 créditos iniciales.
[22-Nov-2025 23:20:34 UTC] [ANIMA REWARD] Usuario nuevo ID 39 registrado. Se le han asignado 50 créditos iniciales.
[23-Nov-2025 06:59:22 UTC] Automatic updates starting...
[23-Nov-2025 06:59:23 UTC]   Automatic plugin updates starting...
[23-Nov-2025 06:59:23 UTC]   Automatic plugin updates complete.
[23-Nov-2025 06:59:23 UTC] Automatic updates complete.
